<?xml version="1.0" encoding="UTF-8"?>
<testsuite xmlns:xsi="http://www.w3.org/2001/XMLSchema-instance" xsi:noNamespaceSchemaLocation="https://maven.apache.org/surefire/maven-surefire-plugin/xsd/surefire-test-report.xsd" version="3.0.2" name="com.example.demo.AffableBeanBackendApplicationTests" time="17.529" tests="1" errors="0" skipped="0" failures="0">
  <properties>
[...]
</properties>
  <testcase name="contextLoads" classname="com.example.demo.AffableBeanBackendApplicationTests" time="0.673">
    <system-out><![CDATA[10:25:45.537 [main] INFO org.springframework.test.context.support.AnnotationConfigContextLoaderUtils -- Could not detect default configuration classes for test class [com.example.demo.AffableBeanBackendApplicationTests]: AffableBeanBackendApplicationTests does not declare any static, non-private, non-final, nested classes annotated with @Configuration.
10:25:45.989 [main] INFO org.springframework.boot.test.context.SpringBootTestContextBootstrapper -- Found @SpringBootConfiguration com.example.demo.AffableBeanBackendApplication for test class com.example.demo.AffableBeanBackendApplicationTests

  .   ____          _            __ _ _
 /\\ / ___'_ __ _ _(_)_ __  __ _ \ \ \ \
( ( )\___ | '_ | '_| | '_ \/ _` | \ \ \ \
 \\/  ___)| |_)| | | | | || (_| |  ) ) ) )
  '  |____| .__|_| |_|_| |_\__, | / / / /
 =========|_|==============|___/=/_/_/_/

 :: Spring Boot ::                (v3.5.5)

2025-08-26T10:25:48.052+06:30  INFO 8336 --- [affable-bean-backend] [           main] c.e.d.AffableBeanBackendApplicationTests : Starting AffableBeanBackendApplicationTests using Java 21.0.7 with PID 8336 (started by ZenBooK in D:\bootcamp - 13\Spring\affable-bean-backend)
2025-08-26T10:25:48.060+06:30  INFO 8336 --- [affable-bean-backend] [           main] c.e.d.AffableBeanBackendApplicationTests : No active profile set, falling back to 1 default profile: "default"
2025-08-26T10:25:50.305+06:30  INFO 8336 --- [affable-bean-backend] [           main] .s.d.r.c.RepositoryConfigurationDelegate : Bootstrapping Spring Data JPA repositories in DEFAULT mode.
2025-08-26T10:25:50.955+06:30  INFO 8336 --- [affable-bean-backend] [           main] .s.d.r.c.RepositoryConfigurationDelegate : Finished Spring Data repository scanning in 616 ms. Found 2 JPA repository interfaces.
2025-08-26T10:25:52.639+06:30  INFO 8336 --- [affable-bean-backend] [           main] o.hibernate.jpa.internal.util.LogHelper  : HHH000204: Processing PersistenceUnitInfo [name: default]
2025-08-26T10:25:52.810+06:30  INFO 8336 --- [affable-bean-backend] [           main] org.hibernate.Version                    : HHH000412: Hibernate ORM core version 6.6.26.Final
2025-08-26T10:25:52.924+06:30  INFO 8336 --- [affable-bean-backend] [           main] o.h.c.internal.RegionFactoryInitiator    : HHH000026: Second-level cache disabled
2025-08-26T10:25:53.672+06:30  INFO 8336 --- [affable-bean-backend] [           main] o.s.o.j.p.SpringPersistenceUnitInfo      : No LoadTimeWeaver setup: ignoring JPA class transformer
2025-08-26T10:25:53.731+06:30  INFO 8336 --- [affable-bean-backend] [           main] com.zaxxer.hikari.HikariDataSource       : HikariPool-1 - Starting...
2025-08-26T10:25:55.022+06:30  INFO 8336 --- [affable-bean-backend] [           main] com.zaxxer.hikari.pool.HikariPool        : HikariPool-1 - Added connection com.mysql.cj.jdbc.ConnectionImpl@4571cebe
2025-08-26T10:25:55.023+06:30  INFO 8336 --- [affable-bean-backend] [           main] com.zaxxer.hikari.HikariDataSource       : HikariPool-1 - Start completed.
2025-08-26T10:25:55.389+06:30  INFO 8336 --- [affable-bean-backend] [           main] org.hibernate.orm.connections.pooling    : HHH10001005: Database info:
	Database JDBC URL [Connecting through datasource 'HikariDataSource (HikariPool-1)']
	Database driver: undefined/unknown
	Database version: 8.0.39
	Autocommit mode: undefined/unknown
	Isolation level: undefined/unknown
	Minimum pool size: undefined/unknown
	Maximum pool size: undefined/unknown
2025-08-26T10:25:57.358+06:30  INFO 8336 --- [affable-bean-backend] [           main] o.h.e.t.j.p.i.JtaPlatformInitiator       : HHH000489: No JTA platform available (set 'hibernate.transaction.jta.platform' to enable JTA platform integration)
2025-08-26T10:25:57.361+06:30  INFO 8336 --- [affable-bean-backend] [           main] j.LocalContainerEntityManagerFactoryBean : Initialized JPA EntityManagerFactory for persistence unit 'default'
2025-08-26T10:25:58.089+06:30  INFO 8336 --- [affable-bean-backend] [           main] o.s.d.j.r.query.QueryEnhancerFactory     : Hibernate is in classpath; If applicable, HQL parser will be used.
2025-08-26T10:26:00.750+06:30  INFO 8336 --- [affable-bean-backend] [           main] efaultSchemaResourceGraphQlSourceBuilder : Loaded 1 resource(s) in the GraphQL schema.
2025-08-26T10:26:01.229+06:30  INFO 8336 --- [affable-bean-backend] [           main] o.s.b.a.g.GraphQlAutoConfiguration       : GraphQL schema inspection:
	Unmapped fields: {}
	Unmapped registrations: {}
	Unmapped arguments: {}
	Skipped types: []
2025-08-26T10:26:01.494+06:30  INFO 8336 --- [affable-bean-backend] [           main] c.e.d.AffableBeanBackendApplicationTests : Started AffableBeanBackendApplicationTests in 14.824 seconds (process running for 18.708)
ProductDetailsInfo(id=9, name=sunflower seed loaf, price=1.89, description=600g, categoryName=bakery)
ProductDetailsInfo(id=10, name=sesame seed bagel, price=1.19, description=4 bagels, categoryName=bakery)
ProductDetailsInfo(id=11, name=pumpkin seed bun, price=1.15, description=4 buns, categoryName=bakery)
ProductDetailsInfo(id=12, name=chocolate cookies, price=2.39, description=contain peanuts<br>(3 cookies), categoryName=bakery)
]]></system-out>
    <system-err><![CDATA[Mockito is currently self-attaching to enable the inline-mock-maker. This will no longer work in future releases of the JDK. Please add Mockito as an agent to your build as described in Mockito's documentation: https://javadoc.io/doc/org.mockito/mockito-core/latest/org.mockito/org/mockito/Mockito.html#0.3
WARNING: A Java agent has been loaded dynamically (C:\Users\ZenBooK\.m2\repository\net\bytebuddy\byte-buddy-agent\1.17.7\byte-buddy-agent-1.17.7.jar)
WARNING: If a serviceability tool is in use, please run with -XX:+EnableDynamicAgentLoading to hide this warning
WARNING: If a serviceability tool is not in use, please run with -Djdk.instrument.traceUsage for more information
WARNING: Dynamic loading of agents will be disallowed by default in a future release
]]></system-err>
  </testcase>
</testsuite>